<?xml version="1.0" encoding="UTF-8"?>
<coverage generated="1772300886928" clover="3.2.0">
  <project timestamp="1772300886928" name="All files">
    <metrics statements="140" coveredstatements="138" conditionals="46" coveredconditionals="46" methods="48" coveredmethods="48" elements="234" coveredelements="232" complexity="0" loc="140" ncloc="140" packages="1" files="3" classes="3"/>
    <file name="ejercicio-1.ts" path="/home/usuario/prct05-objects-classes-interfaces-AdrianHernandez28/src/ejercicio-1.ts">
      <metrics statements="43" coveredstatements="43" conditionals="10" coveredconditionals="10" methods="17" coveredmethods="17"/>
      <line num="5" count="1" type="cond" truecount="2" falsecount="0"/>
      <line num="6" count="1" type="stmt"/>
      <line num="7" count="1" type="stmt"/>
      <line num="8" count="1" type="stmt"/>
      <line num="9" count="1" type="stmt"/>
      <line num="10" count="1" type="stmt"/>
      <line num="41" count="5" type="cond" truecount="2" falsecount="0"/>
      <line num="43" count="3" type="stmt"/>
      <line num="60" count="71" type="stmt"/>
      <line num="61" count="71" type="stmt"/>
      <line num="62" count="71" type="stmt"/>
      <line num="63" count="71" type="stmt"/>
      <line num="64" count="71" type="stmt"/>
      <line num="65" count="71" type="stmt"/>
      <line num="66" count="71" type="stmt"/>
      <line num="73" count="3" type="stmt"/>
      <line num="94" count="23" type="stmt"/>
      <line num="95" count="23" type="stmt"/>
      <line num="96" count="23" type="stmt"/>
      <line num="97" count="23" type="stmt"/>
      <line num="98" count="23" type="stmt"/>
      <line num="99" count="23" type="stmt"/>
      <line num="100" count="23" type="stmt"/>
      <line num="101" count="23" type="stmt"/>
      <line num="102" count="23" type="stmt"/>
      <line num="103" count="23" type="stmt"/>
      <line num="113" count="2" type="stmt"/>
      <line num="125" count="23" type="stmt"/>
      <line num="132" count="23" type="stmt"/>
      <line num="140" count="1" type="stmt"/>
      <line num="141" count="1" type="stmt"/>
      <line num="152" count="10" type="stmt"/>
      <line num="153" count="10" type="stmt"/>
      <line num="154" count="30" type="cond" truecount="6" falsecount="0"/>
      <line num="156" count="9" type="stmt"/>
      <line num="158" count="4" type="stmt"/>
      <line num="160" count="3" type="stmt"/>
      <line num="163" count="3" type="stmt"/>
      <line num="165" count="12" type="stmt"/>
      <line num="167" count="6" type="stmt"/>
      <line num="178" count="2" type="stmt"/>
      <line num="188" count="2" type="stmt"/>
      <line num="195" count="1" type="stmt"/>
    </file>
    <file name="ejercicio-2.ts" path="/home/usuario/prct05-objects-classes-interfaces-AdrianHernandez28/src/ejercicio-2.ts">
      <metrics statements="49" coveredstatements="47" conditionals="24" coveredconditionals="24" methods="9" coveredmethods="9"/>
      <line num="4" count="1" type="stmt"/>
      <line num="9" count="1" type="stmt"/>
      <line num="23" count="7" type="stmt"/>
      <line num="27" count="7" type="stmt"/>
      <line num="32" count="7" type="stmt"/>
      <line num="55" count="69" type="cond" truecount="2" falsecount="0"/>
      <line num="58" count="67" type="stmt"/>
      <line num="59" count="202" type="cond" truecount="2" falsecount="0"/>
      <line num="60" count="67" type="stmt"/>
      <line num="62" count="67" type="cond" truecount="2" falsecount="0"/>
      <line num="63" count="39" type="stmt"/>
      <line num="65" count="28" type="stmt"/>
      <line num="67" count="67" type="stmt"/>
      <line num="70" count="0" type="stmt"/>
      <line num="79" count="2" type="stmt"/>
      <line num="80" count="2" type="stmt"/>
      <line num="81" count="2" type="stmt"/>
      <line num="83" count="2" type="stmt"/>
      <line num="84" count="49" type="cond" truecount="2" falsecount="0"/>
      <line num="85" count="49" type="stmt"/>
      <line num="88" count="49" type="stmt"/>
      <line num="91" count="49" type="stmt"/>
      <line num="92" count="50" type="stmt"/>
      <line num="93" count="50" type="stmt"/>
      <line num="95" count="50" type="cond" truecount="2" falsecount="0"/>
      <line num="96" count="1" type="stmt"/>
      <line num="100" count="49" type="stmt"/>
      <line num="102" count="49" type="stmt"/>
      <line num="103" count="49" type="cond" truecount="2" falsecount="0"/>
      <line num="104" count="1" type="stmt"/>
      <line num="105" count="1" type="stmt"/>
      <line num="108" count="48" type="stmt"/>
      <line num="109" count="48" type="stmt"/>
      <line num="113" count="1" type="stmt"/>
      <line num="125" count="12" type="stmt"/>
      <line num="127" count="3" type="stmt"/>
      <line num="134" count="3" type="stmt"/>
      <line num="135" count="9" type="stmt"/>
      <line num="136" count="28" type="stmt"/>
      <line num="138" count="28" type="stmt"/>
      <line num="139" count="40" type="stmt"/>
      <line num="141" count="40" type="cond" truecount="2" falsecount="0"/>
      <line num="142" count="15" type="stmt"/>
      <line num="144" count="25" type="stmt"/>
      <line num="148" count="28" type="cond" truecount="2" falsecount="0"/>
      <line num="152" count="0" type="stmt"/>
      <line num="160" count="10" type="cond" truecount="4" falsecount="0"/>
      <line num="161" count="8" type="cond" truecount="4" falsecount="0"/>
      <line num="162" count="7" type="stmt"/>
    </file>
    <file name="ejercicio-3.ts" path="/home/usuario/prct05-objects-classes-interfaces-AdrianHernandez28/src/ejercicio-3.ts">
      <metrics statements="48" coveredstatements="48" conditionals="12" coveredconditionals="12" methods="22" coveredmethods="22"/>
      <line num="4" count="1" type="cond" truecount="2" falsecount="0"/>
      <line num="6" count="1" type="stmt"/>
      <line num="8" count="1" type="stmt"/>
      <line num="10" count="1" type="stmt"/>
      <line num="49" count="16" type="cond" truecount="1" falsecount="0"/>
      <line num="56" count="16" type="stmt"/>
      <line num="66" count="6" type="stmt"/>
      <line num="67" count="6" type="stmt"/>
      <line num="68" count="6" type="cond" truecount="3" falsecount="0"/>
      <line num="70" count="4" type="stmt"/>
      <line num="72" count="1" type="stmt"/>
      <line num="73" count="1" type="stmt"/>
      <line num="76" count="1" type="stmt"/>
      <line num="77" count="1" type="stmt"/>
      <line num="78" count="2" type="stmt"/>
      <line num="92" count="2" type="stmt"/>
      <line num="93" count="2" type="cond" truecount="2" falsecount="0"/>
      <line num="94" count="1" type="stmt"/>
      <line num="96" count="1" type="stmt"/>
      <line num="112" count="16" type="stmt"/>
      <line num="113" count="16" type="stmt"/>
      <line num="114" count="16" type="stmt"/>
      <line num="121" count="1" type="stmt"/>
      <line num="122" count="1" type="stmt"/>
      <line num="123" count="1" type="stmt"/>
      <line num="135" count="16" type="cond" truecount="1" falsecount="0"/>
      <line num="142" count="16" type="stmt"/>
      <line num="149" count="2" type="stmt"/>
      <line num="150" count="2" type="stmt"/>
      <line num="166" count="16" type="stmt"/>
      <line num="167" count="16" type="stmt"/>
      <line num="168" count="16" type="cond" truecount="1" falsecount="0"/>
      <line num="181" count="48" type="stmt"/>
      <line num="189" count="48" type="stmt"/>
      <line num="197" count="2" type="stmt"/>
      <line num="198" count="2" type="stmt"/>
      <line num="199" count="2" type="stmt"/>
      <line num="200" count="2" type="stmt"/>
      <line num="201" count="2" type="stmt"/>
      <line num="202" count="2" type="stmt"/>
      <line num="210" count="3" type="stmt"/>
      <line num="219" count="3" type="stmt"/>
      <line num="220" count="3" type="stmt"/>
      <line num="222" count="3" type="stmt"/>
      <line num="223" count="9" type="stmt"/>
      <line num="225" count="9" type="cond" truecount="2" falsecount="0"/>
      <line num="226" count="6" type="stmt"/>
      <line num="230" count="3" type="stmt"/>
    </file>
  </project>
</coverage>
