<?xml version="1.0" encoding="UTF-8"?>
<coverage generated="1772226584191" clover="3.2.0">
  <project timestamp="1772226584191" name="All files">
    <metrics statements="43" coveredstatements="43" conditionals="10" coveredconditionals="10" methods="17" coveredmethods="17" elements="70" coveredelements="70" complexity="0" loc="43" ncloc="43" packages="1" files="1" classes="1"/>
    <file name="ejercicio-1.ts" path="/home/usuario/prct05-objects-classes-interfaces-AdrianHernandez28/src/ejercicio-1.ts">
      <metrics statements="43" coveredstatements="43" conditionals="10" coveredconditionals="10" methods="17" coveredmethods="17"/>
      <line num="1" count="1" type="cond" truecount="2" falsecount="0"/>
      <line num="2" count="1" type="stmt"/>
      <line num="3" count="1" type="stmt"/>
      <line num="4" count="1" type="stmt"/>
      <line num="5" count="1" type="stmt"/>
      <line num="6" count="1" type="stmt"/>
      <line num="25" count="5" type="cond" truecount="2" falsecount="0"/>
      <line num="27" count="3" type="stmt"/>
      <line num="31" count="71" type="stmt"/>
      <line num="32" count="71" type="stmt"/>
      <line num="33" count="71" type="stmt"/>
      <line num="34" count="71" type="stmt"/>
      <line num="35" count="71" type="stmt"/>
      <line num="36" count="71" type="stmt"/>
      <line num="37" count="71" type="stmt"/>
      <line num="40" count="3" type="stmt"/>
      <line num="46" count="23" type="stmt"/>
      <line num="47" count="23" type="stmt"/>
      <line num="48" count="23" type="stmt"/>
      <line num="49" count="23" type="stmt"/>
      <line num="50" count="23" type="stmt"/>
      <line num="51" count="23" type="stmt"/>
      <line num="52" count="23" type="stmt"/>
      <line num="53" count="23" type="stmt"/>
      <line num="54" count="23" type="stmt"/>
      <line num="55" count="23" type="stmt"/>
      <line num="60" count="2" type="stmt"/>
      <line num="67" count="23" type="stmt"/>
      <line num="70" count="23" type="stmt"/>
      <line num="74" count="1" type="stmt"/>
      <line num="75" count="1" type="stmt"/>
      <line num="80" count="10" type="stmt"/>
      <line num="81" count="10" type="stmt"/>
      <line num="82" count="30" type="cond" truecount="6" falsecount="0"/>
      <line num="84" count="9" type="stmt"/>
      <line num="86" count="4" type="stmt"/>
      <line num="88" count="3" type="stmt"/>
      <line num="91" count="3" type="stmt"/>
      <line num="93" count="12" type="stmt"/>
      <line num="95" count="6" type="stmt"/>
      <line num="101" count="2" type="stmt"/>
      <line num="105" count="2" type="stmt"/>
      <line num="109" count="1" type="stmt"/>
    </file>
  </project>
</coverage>
