{"/home/usuario/prct05-objects-classes-interfaces-AdrianHernandez28/src/ejercicio-1.ts": {"path":"/home/usuario/prct05-objects-classes-interfaces-AdrianHernandez28/src/ejercicio-1.ts","statementMap":{"0":{"start":{"line":5,"column":7},"end":{"line":5,"column":null}},"1":{"start":{"line":6,"column":2},"end":{"line":6,"column":null}},"2":{"start":{"line":7,"column":2},"end":{"line":7,"column":null}},"3":{"start":{"line":8,"column":2},"end":{"line":8,"column":null}},"4":{"start":{"line":9,"column":2},"end":{"line":9,"column":null}},"5":{"start":{"line":10,"column":2},"end":{"line":10,"column":null}},"6":{"start":{"line":5,"column":12},"end":{"line":5,"column":null}},"7":{"start":{"line":41,"column":2},"end":{"line":41,"column":null}},"8":{"start":{"line":41,"column":28},"end":{"line":41,"column":null}},"9":{"start":{"line":43,"column":2},"end":{"line":43,"column":null}},"10":{"start":{"line":60,"column":21},"end":{"line":60,"column":null}},"11":{"start":{"line":61,"column":21},"end":{"line":61,"column":null}},"12":{"start":{"line":62,"column":21},"end":{"line":62,"column":null}},"13":{"start":{"line":63,"column":21},"end":{"line":63,"column":null}},"14":{"start":{"line":64,"column":21},"end":{"line":64,"column":null}},"15":{"start":{"line":65,"column":21},"end":{"line":65,"column":null}},"16":{"start":{"line":66,"column":21},"end":{"line":66,"column":40}},"17":{"start":{"line":73,"column":4},"end":{"line":74,"column":null}},"18":{"start":{"line":103,"column":4},"end":{"line":103,"column":null}},"19":{"start":{"line":94,"column":21},"end":{"line":94,"column":null}},"20":{"start":{"line":95,"column":21},"end":{"line":95,"column":null}},"21":{"start":{"line":96,"column":21},"end":{"line":96,"column":null}},"22":{"start":{"line":97,"column":21},"end":{"line":97,"column":null}},"23":{"start":{"line":98,"column":21},"end":{"line":98,"column":null}},"24":{"start":{"line":99,"column":21},"end":{"line":99,"column":null}},"25":{"start":{"line":100,"column":21},"end":{"line":100,"column":null}},"26":{"start":{"line":101,"column":21},"end":{"line":101,"column":null}},"27":{"start":{"line":102,"column":21},"end":{"line":102,"column":44}},"28":{"start":{"line":113,"column":4},"end":{"line":115,"column":null}},"29":{"start":{"line":125,"column":43},"end":{"line":125,"column":null}},"30":{"start":{"line":132,"column":4},"end":{"line":132,"column":null}},"31":{"start":{"line":140,"column":4},"end":{"line":142,"column":null}},"32":{"start":{"line":141,"column":6},"end":{"line":141,"column":null}},"33":{"start":{"line":152,"column":24},"end":{"line":152,"column":null}},"34":{"start":{"line":153,"column":4},"end":{"line":169,"column":null}},"35":{"start":{"line":154,"column":6},"end":{"line":168,"column":null}},"36":{"start":{"line":156,"column":10},"end":{"line":156,"column":null}},"37":{"start":{"line":158,"column":10},"end":{"line":158,"column":null}},"38":{"start":{"line":158,"column":46},"end":{"line":158,"column":86}},"39":{"start":{"line":160,"column":10},"end":{"line":161,"column":null}},"40":{"start":{"line":163,"column":10},"end":{"line":163,"column":null}},"41":{"start":{"line":165,"column":10},"end":{"line":165,"column":null}},"42":{"start":{"line":165,"column":46},"end":{"line":165,"column":85}},"43":{"start":{"line":167,"column":10},"end":{"line":167,"column":null}},"44":{"start":{"line":178,"column":4},"end":{"line":178,"column":null}},"45":{"start":{"line":188,"column":4},"end":{"line":188,"column":null}},"46":{"start":{"line":188,"column":48},"end":{"line":188,"column":62}},"47":{"start":{"line":195,"column":4},"end":{"line":195,"column":null}}},"fnMap":{"0":{"name":"(anonymous_0)","decl":{"start":{"line":5,"column":7},"end":{"line":5,"column":12}},"loc":{"start":{"line":5,"column":7},"end":{"line":5,"column":null}},"line":5},"1":{"name":"formatAuthors","decl":{"start":{"line":40,"column":16},"end":{"line":40,"column":30}},"loc":{"start":{"line":40,"column":57},"end":{"line":44,"column":null}},"line":40},"2":{"name":"(anonymous_2)","decl":{"start":{"line":60,"column":2},"end":{"line":60,"column":21}},"loc":{"start":{"line":66,"column":40},"end":{"line":66,"column":null}},"line":66},"3":{"name":"(anonymous_3)","decl":{"start":{"line":72,"column":2},"end":{"line":72,"column":12}},"loc":{"start":{"line":72,"column":12},"end":{"line":75,"column":null}},"line":72},"4":{"name":"(anonymous_4)","decl":{"start":{"line":94,"column":2},"end":{"line":94,"column":21}},"loc":{"start":{"line":102,"column":44},"end":{"line":105,"column":null}},"line":102},"5":{"name":"(anonymous_5)","decl":{"start":{"line":112,"column":2},"end":{"line":112,"column":12}},"loc":{"start":{"line":112,"column":12},"end":{"line":116,"column":null}},"line":112},"6":{"name":"(anonymous_6)","decl":{"start":{"line":131,"column":2},"end":{"line":131,"column":17}},"loc":{"start":{"line":131,"column":51},"end":{"line":133,"column":null}},"line":131},"7":{"name":"(anonymous_7)","decl":{"start":{"line":139,"column":2},"end":{"line":139,"column":17}},"loc":{"start":{"line":139,"column":51},"end":{"line":143,"column":null}},"line":139},"8":{"name":"(anonymous_8)","decl":{"start":{"line":140,"column":21},"end":{"line":140,"column":29}},"loc":{"start":{"line":140,"column":29},"end":{"line":142,"column":5}},"line":140},"9":{"name":"(anonymous_9)","decl":{"start":{"line":151,"column":2},"end":{"line":151,"column":9}},"loc":{"start":{"line":151,"column":38},"end":{"line":170,"column":null}},"line":151},"10":{"name":"(anonymous_10)","decl":{"start":{"line":153,"column":31},"end":{"line":153,"column":42}},"loc":{"start":{"line":153,"column":42},"end":{"line":169,"column":5}},"line":153},"11":{"name":"(anonymous_11)","decl":{"start":{"line":158,"column":38},"end":{"line":158,"column":46}},"loc":{"start":{"line":158,"column":46},"end":{"line":158,"column":86}},"line":158},"12":{"name":"(anonymous_12)","decl":{"start":{"line":165,"column":39},"end":{"line":165,"column":46}},"loc":{"start":{"line":165,"column":46},"end":{"line":165,"column":85}},"line":165},"13":{"name":"(anonymous_13)","decl":{"start":{"line":177,"column":2},"end":{"line":177,"column":15}},"loc":{"start":{"line":177,"column":48},"end":{"line":179,"column":null}},"line":177},"14":{"name":"(anonymous_14)","decl":{"start":{"line":187,"column":2},"end":{"line":187,"column":13}},"loc":{"start":{"line":187,"column":42},"end":{"line":189,"column":null}},"line":187},"15":{"name":"(anonymous_15)","decl":{"start":{"line":188,"column":40},"end":{"line":188,"column":48}},"loc":{"start":{"line":188,"column":48},"end":{"line":188,"column":62}},"line":188},"16":{"name":"(anonymous_16)","decl":{"start":{"line":194,"column":2},"end":{"line":194,"column":10}},"loc":{"start":{"line":194,"column":10},"end":{"line":196,"column":null}},"line":194}},"branchMap":{"0":{"loc":{"start":{"line":5,"column":12},"end":{"line":5,"column":null}},"type":"binary-expr","locations":[{"start":{"line":5,"column":12},"end":{"line":5,"column":null}},{"start":{"line":5,"column":12},"end":{"line":5,"column":null}}],"line":5},"1":{"loc":{"start":{"line":41,"column":2},"end":{"line":41,"column":null}},"type":"if","locations":[{"start":{"line":41,"column":2},"end":{"line":41,"column":null}},{"start":{},"end":{}}],"line":41},"2":{"loc":{"start":{"line":154,"column":6},"end":{"line":168,"column":null}},"type":"switch","locations":[{"start":{"line":155,"column":8},"end":{"line":156,"column":null}},{"start":{"line":157,"column":8},"end":{"line":158,"column":null}},{"start":{"line":159,"column":8},"end":{"line":161,"column":null}},{"start":{"line":162,"column":8},"end":{"line":163,"column":null}},{"start":{"line":164,"column":8},"end":{"line":165,"column":null}},{"start":{"line":166,"column":8},"end":{"line":167,"column":null}}],"line":154}},"s":{"0":1,"1":1,"2":1,"3":1,"4":1,"5":1,"6":1,"7":5,"8":2,"9":3,"10":71,"11":71,"12":71,"13":71,"14":71,"15":71,"16":71,"17":3,"18":23,"19":23,"20":23,"21":23,"22":23,"23":23,"24":23,"25":23,"26":23,"27":23,"28":2,"29":23,"30":23,"31":1,"32":1,"33":10,"34":10,"35":30,"36":9,"37":3,"38":4,"39":3,"40":3,"41":6,"42":12,"43":6,"44":2,"45":1,"46":2,"47":1},"f":{"0":1,"1":5,"2":71,"3":3,"4":23,"5":2,"6":23,"7":1,"8":1,"9":10,"10":30,"11":4,"12":12,"13":2,"14":1,"15":2,"16":1},"b":{"0":[1,1],"1":[2,3],"2":[9,3,3,3,6,6]},"meta":{"lastBranch":3,"lastFunction":17,"lastStatement":48,"seen":{"s:5:7:5:Infinity":0,"f:5:7:5:12":0,"s:6:2:6:Infinity":1,"s:7:2:7:Infinity":2,"s:8:2:8:Infinity":3,"s:9:2:9:Infinity":4,"s:10:2:10:Infinity":5,"s:5:12:5:Infinity":6,"b:5:12:5:Infinity:5:12:5:Infinity":0,"f:40:16:40:30":1,"b:41:2:41:Infinity:undefined:undefined:undefined:undefined":1,"s:41:2:41:Infinity":7,"s:41:28:41:Infinity":8,"s:43:2:43:Infinity":9,"f:60:2:60:21":2,"s:60:21:60:Infinity":10,"s:61:21:61:Infinity":11,"s:62:21:62:Infinity":12,"s:63:21:63:Infinity":13,"s:64:21:64:Infinity":14,"s:65:21:65:Infinity":15,"s:66:21:66:40":16,"f:72:2:72:12":3,"s:73:4:74:Infinity":17,"f:94:2:94:21":4,"s:103:4:103:Infinity":18,"s:94:21:94:Infinity":19,"s:95:21:95:Infinity":20,"s:96:21:96:Infinity":21,"s:97:21:97:Infinity":22,"s:98:21:98:Infinity":23,"s:99:21:99:Infinity":24,"s:100:21:100:Infinity":25,"s:101:21:101:Infinity":26,"s:102:21:102:44":27,"f:112:2:112:12":5,"s:113:4:115:Infinity":28,"s:125:43:125:Infinity":29,"f:131:2:131:17":6,"s:132:4:132:Infinity":30,"f:139:2:139:17":7,"s:140:4:142:Infinity":31,"f:140:21:140:29":8,"s:141:6:141:Infinity":32,"f:151:2:151:9":9,"s:152:24:152:Infinity":33,"s:153:4:169:Infinity":34,"f:153:31:153:42":10,"b:155:8:156:Infinity:157:8:158:Infinity:159:8:161:Infinity:162:8:163:Infinity:164:8:165:Infinity:166:8:167:Infinity":2,"s:154:6:168:Infinity":35,"s:156:10:156:Infinity":36,"s:158:10:158:Infinity":37,"f:158:38:158:46":11,"s:158:46:158:86":38,"s:160:10:161:Infinity":39,"s:163:10:163:Infinity":40,"s:165:10:165:Infinity":41,"f:165:39:165:46":12,"s:165:46:165:85":42,"s:167:10:167:Infinity":43,"f:177:2:177:15":13,"s:178:4:178:Infinity":44,"f:187:2:187:13":14,"s:188:4:188:Infinity":45,"f:188:40:188:48":15,"s:188:48:188:62":46,"f:194:2:194:10":16,"s:195:4:195:Infinity":47}}}
,"/home/usuario/prct05-objects-classes-interfaces-AdrianHernandez28/src/ejercicio-2.ts": {"path":"/home/usuario/prct05-objects-classes-interfaces-AdrianHernandez28/src/ejercicio-2.ts","statementMap":{"0":{"start":{"line":1,"column":13},"end":{"line":1,"column":null}},"1":{"start":{"line":5,"column":30},"end":{"line":5,"column":null}},"2":{"start":{"line":6,"column":30},"end":{"line":6,"column":null}},"3":{"start":{"line":7,"column":31},"end":{"line":14,"column":null}},"4":{"start":{"line":5,"column":11},"end":{"line":5,"column":30}},"5":{"start":{"line":6,"column":11},"end":{"line":6,"column":30}},"6":{"start":{"line":7,"column":11},"end":{"line":7,"column":31}},"7":{"start":{"line":19,"column":26},"end":{"line":19,"column":null}},"8":{"start":{"line":20,"column":29},"end":{"line":20,"column":null}},"9":{"start":{"line":21,"column":30},"end":{"line":21,"column":null}},"10":{"start":{"line":22,"column":23},"end":{"line":22,"column":null}},"11":{"start":{"line":23,"column":4},"end":{"line":69,"column":null}},"12":{"start":{"line":25,"column":6},"end":{"line":31,"column":null}},"13":{"start":{"line":26,"column":8},"end":{"line":26,"column":null}},"14":{"start":{"line":27,"column":8},"end":{"line":27,"column":null}},"15":{"start":{"line":29,"column":8},"end":{"line":29,"column":null}},"16":{"start":{"line":30,"column":8},"end":{"line":30,"column":null}},"17":{"start":{"line":33,"column":6},"end":{"line":35,"column":null}},"18":{"start":{"line":34,"column":8},"end":{"line":34,"column":null}},"19":{"start":{"line":37,"column":6},"end":{"line":47,"column":null}},"20":{"start":{"line":37,"column":27},"end":{"line":37,"column":30}},"21":{"start":{"line":38,"column":8},"end":{"line":46,"column":null}},"22":{"start":{"line":39,"column":10},"end":{"line":39,"column":null}},"23":{"start":{"line":40,"column":10},"end":{"line":44,"column":null}},"24":{"start":{"line":41,"column":12},"end":{"line":41,"column":null}},"25":{"start":{"line":43,"column":12},"end":{"line":43,"column":null}},"26":{"start":{"line":45,"column":10},"end":{"line":45,"column":null}},"27":{"start":{"line":48,"column":6},"end":{"line":48,"column":null}},"28":{"start":{"line":50,"column":21},"end":{"line":50,"column":null}},"29":{"start":{"line":51,"column":6},"end":{"line":57,"column":null}},"30":{"start":{"line":52,"column":8},"end":{"line":52,"column":null}},"31":{"start":{"line":53,"column":8},"end":{"line":53,"column":null}},"32":{"start":{"line":54,"column":6},"end":{"line":57,"column":null}},"33":{"start":{"line":55,"column":8},"end":{"line":55,"column":null}},"34":{"start":{"line":56,"column":8},"end":{"line":56,"column":null}},"35":{"start":{"line":59,"column":6},"end":{"line":63,"column":null}},"36":{"start":{"line":60,"column":8},"end":{"line":60,"column":null}},"37":{"start":{"line":61,"column":8},"end":{"line":61,"column":null}},"38":{"start":{"line":64,"column":6},"end":{"line":67,"column":null}},"39":{"start":{"line":65,"column":8},"end":{"line":65,"column":null}},"40":{"start":{"line":66,"column":8},"end":{"line":66,"column":null}},"41":{"start":{"line":68,"column":6},"end":{"line":68,"column":null}},"42":{"start":{"line":74,"column":21},"end":{"line":74,"column":null}},"43":{"start":{"line":74,"column":45},"end":{"line":74,"column":62}},"44":{"start":{"line":76,"column":32},"end":{"line":81,"column":null}},"45":{"start":{"line":83,"column":4},"end":{"line":99,"column":null}},"46":{"start":{"line":84,"column":6},"end":{"line":98,"column":null}},"47":{"start":{"line":85,"column":20},"end":{"line":85,"column":null}},"48":{"start":{"line":87,"column":8},"end":{"line":95,"column":null}},"49":{"start":{"line":87,"column":32},"end":{"line":87,"column":35}},"50":{"start":{"line":88,"column":23},"end":{"line":88,"column":null}},"51":{"start":{"line":90,"column":10},"end":{"line":94,"column":null}},"52":{"start":{"line":91,"column":12},"end":{"line":91,"column":null}},"53":{"start":{"line":93,"column":12},"end":{"line":93,"column":null}},"54":{"start":{"line":97,"column":8},"end":{"line":97,"column":null}},"55":{"start":{"line":97,"column":25},"end":{"line":97,"column":null}},"56":{"start":{"line":101,"column":4},"end":{"line":101,"column":null}},"57":{"start":{"line":106,"column":4},"end":{"line":106,"column":null}},"58":{"start":{"line":106,"column":65},"end":{"line":106,"column":null}},"59":{"start":{"line":107,"column":4},"end":{"line":107,"column":null}},"60":{"start":{"line":107,"column":65},"end":{"line":107,"column":null}},"61":{"start":{"line":108,"column":4},"end":{"line":108,"column":null}}},"fnMap":{"0":{"name":"(anonymous_0)","decl":{"start":{"line":5,"column":11},"end":{"line":5,"column":30}},"loc":{"start":{"line":5,"column":11},"end":{"line":5,"column":30}},"line":5},"1":{"name":"(anonymous_1)","decl":{"start":{"line":6,"column":11},"end":{"line":6,"column":30}},"loc":{"start":{"line":6,"column":11},"end":{"line":6,"column":30}},"line":6},"2":{"name":"(anonymous_2)","decl":{"start":{"line":7,"column":11},"end":{"line":7,"column":31}},"loc":{"start":{"line":7,"column":11},"end":{"line":7,"column":31}},"line":7},"3":{"name":"(anonymous_3)","decl":{"start":{"line":16,"column":2},"end":{"line":16,"column":16}},"loc":{"start":{"line":16,"column":16},"end":{"line":16,"column":null}},"line":16},"4":{"name":"(anonymous_4)","decl":{"start":{"line":18,"column":2},"end":{"line":18,"column":14}},"loc":{"start":{"line":18,"column":14},"end":{"line":70,"column":null}},"line":18},"5":{"name":"(anonymous_5)","decl":{"start":{"line":72,"column":2},"end":{"line":72,"column":11}},"loc":{"start":{"line":72,"column":28},"end":{"line":102,"column":null}},"line":72},"6":{"name":"(anonymous_6)","decl":{"start":{"line":74,"column":40},"end":{"line":74,"column":45}},"loc":{"start":{"line":74,"column":45},"end":{"line":74,"column":62}},"line":74},"7":{"name":"(anonymous_7)","decl":{"start":{"line":105,"column":2},"end":{"line":105,"column":24}},"loc":{"start":{"line":105,"column":24},"end":{"line":109,"column":null}},"line":105}},"branchMap":{"0":{"loc":{"start":{"line":25,"column":6},"end":{"line":31,"column":null}},"type":"if","locations":[{"start":{"line":25,"column":6},"end":{"line":31,"column":null}},{"start":{"line":28,"column":13},"end":{"line":31,"column":null}}],"line":25},"1":{"loc":{"start":{"line":38,"column":8},"end":{"line":46,"column":null}},"type":"if","locations":[{"start":{"line":38,"column":8},"end":{"line":46,"column":null}},{"start":{},"end":{}}],"line":38},"2":{"loc":{"start":{"line":40,"column":10},"end":{"line":44,"column":null}},"type":"if","locations":[{"start":{"line":40,"column":10},"end":{"line":44,"column":null}},{"start":{"line":42,"column":17},"end":{"line":44,"column":null}}],"line":40},"3":{"loc":{"start":{"line":51,"column":6},"end":{"line":57,"column":null}},"type":"if","locations":[{"start":{"line":51,"column":6},"end":{"line":57,"column":null}},{"start":{"line":54,"column":6},"end":{"line":57,"column":null}}],"line":51},"4":{"loc":{"start":{"line":54,"column":6},"end":{"line":57,"column":null}},"type":"if","locations":[{"start":{"line":54,"column":6},"end":{"line":57,"column":null}},{"start":{},"end":{}}],"line":54},"5":{"loc":{"start":{"line":59,"column":6},"end":{"line":63,"column":null}},"type":"if","locations":[{"start":{"line":59,"column":6},"end":{"line":63,"column":null}},{"start":{},"end":{}}],"line":59},"6":{"loc":{"start":{"line":64,"column":6},"end":{"line":67,"column":null}},"type":"if","locations":[{"start":{"line":64,"column":6},"end":{"line":67,"column":null}},{"start":{},"end":{}}],"line":64},"7":{"loc":{"start":{"line":90,"column":10},"end":{"line":94,"column":null}},"type":"if","locations":[{"start":{"line":90,"column":10},"end":{"line":94,"column":null}},{"start":{"line":92,"column":17},"end":{"line":94,"column":null}}],"line":90},"8":{"loc":{"start":{"line":97,"column":8},"end":{"line":97,"column":null}},"type":"if","locations":[{"start":{"line":97,"column":8},"end":{"line":97,"column":null}},{"start":{},"end":{}}],"line":97},"9":{"loc":{"start":{"line":106,"column":4},"end":{"line":106,"column":null}},"type":"if","locations":[{"start":{"line":106,"column":4},"end":{"line":106,"column":null}},{"start":{},"end":{}}],"line":106},"10":{"loc":{"start":{"line":106,"column":8},"end":{"line":106,"column":65}},"type":"binary-expr","locations":[{"start":{"line":106,"column":8},"end":{"line":106,"column":36}},{"start":{"line":106,"column":36},"end":{"line":106,"column":65}}],"line":106},"11":{"loc":{"start":{"line":107,"column":4},"end":{"line":107,"column":null}},"type":"if","locations":[{"start":{"line":107,"column":4},"end":{"line":107,"column":null}},{"start":{},"end":{}}],"line":107},"12":{"loc":{"start":{"line":107,"column":8},"end":{"line":107,"column":65}},"type":"binary-expr","locations":[{"start":{"line":107,"column":8},"end":{"line":107,"column":36}},{"start":{"line":107,"column":36},"end":{"line":107,"column":65}}],"line":107}},"s":{"0":1,"1":9,"2":9,"3":9,"4":3,"5":2,"6":0,"7":3,"8":3,"9":3,"10":3,"11":3,"12":57,"13":28,"14":28,"15":29,"16":29,"17":57,"18":58,"19":57,"20":57,"21":180,"22":57,"23":57,"24":29,"25":28,"26":57,"27":57,"28":57,"29":57,"30":1,"31":1,"32":56,"33":1,"34":1,"35":55,"36":7,"37":7,"38":55,"39":1,"40":1,"41":54,"42":11,"43":44,"44":11,"45":11,"46":41,"47":146,"48":146,"49":146,"50":192,"51":192,"52":54,"53":138,"54":146,"55":8,"56":3,"57":23,"58":4,"59":19,"60":4,"61":15},"f":{"0":62,"1":53,"2":349,"3":9,"4":3,"5":11,"6":44,"7":23},"b":{"0":[28,29],"1":[57,123],"2":[29,28],"3":[1,56],"4":[1,55],"5":[7,48],"6":[1,54],"7":[54,138],"8":[8,138],"9":[4,19],"10":[23,7],"11":[4,15],"12":[19,4]},"meta":{"lastBranch":13,"lastFunction":8,"lastStatement":62,"seen":{"s:1:13:1:Infinity":0,"s:5:30:5:Infinity":1,"s:6:30:6:Infinity":2,"s:7:31:14:Infinity":3,"f:5:11:5:30":0,"s:5:11:5:30":4,"f:6:11:6:30":1,"s:6:11:6:30":5,"f:7:11:7:31":2,"s:7:11:7:31":6,"f:16:2:16:16":3,"f:18:2:18:14":4,"s:19:26:19:Infinity":7,"s:20:29:20:Infinity":8,"s:21:30:21:Infinity":9,"s:22:23:22:Infinity":10,"s:23:4:69:Infinity":11,"b:25:6:31:Infinity:28:13:31:Infinity":0,"s:25:6:31:Infinity":12,"s:26:8:26:Infinity":13,"s:27:8:27:Infinity":14,"s:29:8:29:Infinity":15,"s:30:8:30:Infinity":16,"s:33:6:35:Infinity":17,"s:34:8:34:Infinity":18,"s:37:6:47:Infinity":19,"s:37:27:37:30":20,"b:38:8:46:Infinity:undefined:undefined:undefined:undefined":1,"s:38:8:46:Infinity":21,"s:39:10:39:Infinity":22,"b:40:10:44:Infinity:42:17:44:Infinity":2,"s:40:10:44:Infinity":23,"s:41:12:41:Infinity":24,"s:43:12:43:Infinity":25,"s:45:10:45:Infinity":26,"s:48:6:48:Infinity":27,"s:50:21:50:Infinity":28,"b:51:6:57:Infinity:54:6:57:Infinity":3,"s:51:6:57:Infinity":29,"s:52:8:52:Infinity":30,"s:53:8:53:Infinity":31,"b:54:6:57:Infinity:undefined:undefined:undefined:undefined":4,"s:54:6:57:Infinity":32,"s:55:8:55:Infinity":33,"s:56:8:56:Infinity":34,"b:59:6:63:Infinity:undefined:undefined:undefined:undefined":5,"s:59:6:63:Infinity":35,"s:60:8:60:Infinity":36,"s:61:8:61:Infinity":37,"b:64:6:67:Infinity:undefined:undefined:undefined:undefined":6,"s:64:6:67:Infinity":38,"s:65:8:65:Infinity":39,"s:66:8:66:Infinity":40,"s:68:6:68:Infinity":41,"f:72:2:72:11":5,"s:74:21:74:Infinity":42,"f:74:40:74:45":6,"s:74:45:74:62":43,"s:76:32:81:Infinity":44,"s:83:4:99:Infinity":45,"s:84:6:98:Infinity":46,"s:85:20:85:Infinity":47,"s:87:8:95:Infinity":48,"s:87:32:87:35":49,"s:88:23:88:Infinity":50,"b:90:10:94:Infinity:92:17:94:Infinity":7,"s:90:10:94:Infinity":51,"s:91:12:91:Infinity":52,"s:93:12:93:Infinity":53,"b:97:8:97:Infinity:undefined:undefined:undefined:undefined":8,"s:97:8:97:Infinity":54,"s:97:25:97:Infinity":55,"s:101:4:101:Infinity":56,"f:105:2:105:24":7,"b:106:4:106:Infinity:undefined:undefined:undefined:undefined":9,"s:106:4:106:Infinity":57,"b:106:8:106:36:106:36:106:65":10,"s:106:65:106:Infinity":58,"b:107:4:107:Infinity:undefined:undefined:undefined:undefined":11,"s:107:4:107:Infinity":59,"b:107:8:107:36:107:36:107:65":12,"s:107:65:107:Infinity":60,"s:108:4:108:Infinity":61}}}
}
