{"/home/usuario/prct05-objects-classes-interfaces-AdrianHernandez28/src/ejercicio-1.ts": {"path":"/home/usuario/prct05-objects-classes-interfaces-AdrianHernandez28/src/ejercicio-1.ts","statementMap":{"0":{"start":{"line":5,"column":7},"end":{"line":5,"column":null}},"1":{"start":{"line":6,"column":2},"end":{"line":6,"column":null}},"2":{"start":{"line":7,"column":2},"end":{"line":7,"column":null}},"3":{"start":{"line":8,"column":2},"end":{"line":8,"column":null}},"4":{"start":{"line":9,"column":2},"end":{"line":9,"column":null}},"5":{"start":{"line":10,"column":2},"end":{"line":10,"column":null}},"6":{"start":{"line":5,"column":12},"end":{"line":5,"column":null}},"7":{"start":{"line":41,"column":2},"end":{"line":41,"column":null}},"8":{"start":{"line":41,"column":28},"end":{"line":41,"column":null}},"9":{"start":{"line":43,"column":2},"end":{"line":43,"column":null}},"10":{"start":{"line":60,"column":21},"end":{"line":60,"column":null}},"11":{"start":{"line":61,"column":21},"end":{"line":61,"column":null}},"12":{"start":{"line":62,"column":21},"end":{"line":62,"column":null}},"13":{"start":{"line":63,"column":21},"end":{"line":63,"column":null}},"14":{"start":{"line":64,"column":21},"end":{"line":64,"column":null}},"15":{"start":{"line":65,"column":21},"end":{"line":65,"column":null}},"16":{"start":{"line":66,"column":21},"end":{"line":66,"column":40}},"17":{"start":{"line":73,"column":4},"end":{"line":74,"column":null}},"18":{"start":{"line":103,"column":4},"end":{"line":103,"column":null}},"19":{"start":{"line":94,"column":21},"end":{"line":94,"column":null}},"20":{"start":{"line":95,"column":21},"end":{"line":95,"column":null}},"21":{"start":{"line":96,"column":21},"end":{"line":96,"column":null}},"22":{"start":{"line":97,"column":21},"end":{"line":97,"column":null}},"23":{"start":{"line":98,"column":21},"end":{"line":98,"column":null}},"24":{"start":{"line":99,"column":21},"end":{"line":99,"column":null}},"25":{"start":{"line":100,"column":21},"end":{"line":100,"column":null}},"26":{"start":{"line":101,"column":21},"end":{"line":101,"column":null}},"27":{"start":{"line":102,"column":21},"end":{"line":102,"column":44}},"28":{"start":{"line":113,"column":4},"end":{"line":115,"column":null}},"29":{"start":{"line":125,"column":43},"end":{"line":125,"column":null}},"30":{"start":{"line":132,"column":4},"end":{"line":132,"column":null}},"31":{"start":{"line":140,"column":4},"end":{"line":142,"column":null}},"32":{"start":{"line":141,"column":6},"end":{"line":141,"column":null}},"33":{"start":{"line":152,"column":24},"end":{"line":152,"column":null}},"34":{"start":{"line":153,"column":4},"end":{"line":169,"column":null}},"35":{"start":{"line":154,"column":6},"end":{"line":168,"column":null}},"36":{"start":{"line":156,"column":10},"end":{"line":156,"column":null}},"37":{"start":{"line":158,"column":10},"end":{"line":158,"column":null}},"38":{"start":{"line":158,"column":46},"end":{"line":158,"column":86}},"39":{"start":{"line":160,"column":10},"end":{"line":161,"column":null}},"40":{"start":{"line":163,"column":10},"end":{"line":163,"column":null}},"41":{"start":{"line":165,"column":10},"end":{"line":165,"column":null}},"42":{"start":{"line":165,"column":46},"end":{"line":165,"column":85}},"43":{"start":{"line":167,"column":10},"end":{"line":167,"column":null}},"44":{"start":{"line":178,"column":4},"end":{"line":178,"column":null}},"45":{"start":{"line":188,"column":4},"end":{"line":188,"column":null}},"46":{"start":{"line":188,"column":48},"end":{"line":188,"column":62}},"47":{"start":{"line":195,"column":4},"end":{"line":195,"column":null}}},"fnMap":{"0":{"name":"(anonymous_0)","decl":{"start":{"line":5,"column":7},"end":{"line":5,"column":12}},"loc":{"start":{"line":5,"column":7},"end":{"line":5,"column":null}},"line":5},"1":{"name":"formatAuthors","decl":{"start":{"line":40,"column":16},"end":{"line":40,"column":30}},"loc":{"start":{"line":40,"column":57},"end":{"line":44,"column":null}},"line":40},"2":{"name":"(anonymous_2)","decl":{"start":{"line":60,"column":2},"end":{"line":60,"column":21}},"loc":{"start":{"line":66,"column":40},"end":{"line":66,"column":null}},"line":66},"3":{"name":"(anonymous_3)","decl":{"start":{"line":72,"column":2},"end":{"line":72,"column":12}},"loc":{"start":{"line":72,"column":12},"end":{"line":75,"column":null}},"line":72},"4":{"name":"(anonymous_4)","decl":{"start":{"line":94,"column":2},"end":{"line":94,"column":21}},"loc":{"start":{"line":102,"column":44},"end":{"line":105,"column":null}},"line":102},"5":{"name":"(anonymous_5)","decl":{"start":{"line":112,"column":2},"end":{"line":112,"column":12}},"loc":{"start":{"line":112,"column":12},"end":{"line":116,"column":null}},"line":112},"6":{"name":"(anonymous_6)","decl":{"start":{"line":131,"column":2},"end":{"line":131,"column":17}},"loc":{"start":{"line":131,"column":51},"end":{"line":133,"column":null}},"line":131},"7":{"name":"(anonymous_7)","decl":{"start":{"line":139,"column":2},"end":{"line":139,"column":17}},"loc":{"start":{"line":139,"column":51},"end":{"line":143,"column":null}},"line":139},"8":{"name":"(anonymous_8)","decl":{"start":{"line":140,"column":21},"end":{"line":140,"column":29}},"loc":{"start":{"line":140,"column":29},"end":{"line":142,"column":5}},"line":140},"9":{"name":"(anonymous_9)","decl":{"start":{"line":151,"column":2},"end":{"line":151,"column":9}},"loc":{"start":{"line":151,"column":38},"end":{"line":170,"column":null}},"line":151},"10":{"name":"(anonymous_10)","decl":{"start":{"line":153,"column":31},"end":{"line":153,"column":42}},"loc":{"start":{"line":153,"column":42},"end":{"line":169,"column":5}},"line":153},"11":{"name":"(anonymous_11)","decl":{"start":{"line":158,"column":38},"end":{"line":158,"column":46}},"loc":{"start":{"line":158,"column":46},"end":{"line":158,"column":86}},"line":158},"12":{"name":"(anonymous_12)","decl":{"start":{"line":165,"column":39},"end":{"line":165,"column":46}},"loc":{"start":{"line":165,"column":46},"end":{"line":165,"column":85}},"line":165},"13":{"name":"(anonymous_13)","decl":{"start":{"line":177,"column":2},"end":{"line":177,"column":15}},"loc":{"start":{"line":177,"column":48},"end":{"line":179,"column":null}},"line":177},"14":{"name":"(anonymous_14)","decl":{"start":{"line":187,"column":2},"end":{"line":187,"column":13}},"loc":{"start":{"line":187,"column":42},"end":{"line":189,"column":null}},"line":187},"15":{"name":"(anonymous_15)","decl":{"start":{"line":188,"column":40},"end":{"line":188,"column":48}},"loc":{"start":{"line":188,"column":48},"end":{"line":188,"column":62}},"line":188},"16":{"name":"(anonymous_16)","decl":{"start":{"line":194,"column":2},"end":{"line":194,"column":10}},"loc":{"start":{"line":194,"column":10},"end":{"line":196,"column":null}},"line":194}},"branchMap":{"0":{"loc":{"start":{"line":5,"column":12},"end":{"line":5,"column":null}},"type":"binary-expr","locations":[{"start":{"line":5,"column":12},"end":{"line":5,"column":null}},{"start":{"line":5,"column":12},"end":{"line":5,"column":null}}],"line":5},"1":{"loc":{"start":{"line":41,"column":2},"end":{"line":41,"column":null}},"type":"if","locations":[{"start":{"line":41,"column":2},"end":{"line":41,"column":null}},{"start":{},"end":{}}],"line":41},"2":{"loc":{"start":{"line":154,"column":6},"end":{"line":168,"column":null}},"type":"switch","locations":[{"start":{"line":155,"column":8},"end":{"line":156,"column":null}},{"start":{"line":157,"column":8},"end":{"line":158,"column":null}},{"start":{"line":159,"column":8},"end":{"line":161,"column":null}},{"start":{"line":162,"column":8},"end":{"line":163,"column":null}},{"start":{"line":164,"column":8},"end":{"line":165,"column":null}},{"start":{"line":166,"column":8},"end":{"line":167,"column":null}}],"line":154}},"s":{"0":1,"1":1,"2":1,"3":1,"4":1,"5":1,"6":1,"7":5,"8":2,"9":3,"10":71,"11":71,"12":71,"13":71,"14":71,"15":71,"16":71,"17":3,"18":23,"19":23,"20":23,"21":23,"22":23,"23":23,"24":23,"25":23,"26":23,"27":23,"28":2,"29":23,"30":23,"31":1,"32":1,"33":10,"34":10,"35":30,"36":9,"37":3,"38":4,"39":3,"40":3,"41":6,"42":12,"43":6,"44":2,"45":1,"46":2,"47":1},"f":{"0":1,"1":5,"2":71,"3":3,"4":23,"5":2,"6":23,"7":1,"8":1,"9":10,"10":30,"11":4,"12":12,"13":2,"14":1,"15":2,"16":1},"b":{"0":[1,1],"1":[2,3],"2":[9,3,3,3,6,6]},"meta":{"lastBranch":3,"lastFunction":17,"lastStatement":48,"seen":{"s:5:7:5:Infinity":0,"f:5:7:5:12":0,"s:6:2:6:Infinity":1,"s:7:2:7:Infinity":2,"s:8:2:8:Infinity":3,"s:9:2:9:Infinity":4,"s:10:2:10:Infinity":5,"s:5:12:5:Infinity":6,"b:5:12:5:Infinity:5:12:5:Infinity":0,"f:40:16:40:30":1,"b:41:2:41:Infinity:undefined:undefined:undefined:undefined":1,"s:41:2:41:Infinity":7,"s:41:28:41:Infinity":8,"s:43:2:43:Infinity":9,"f:60:2:60:21":2,"s:60:21:60:Infinity":10,"s:61:21:61:Infinity":11,"s:62:21:62:Infinity":12,"s:63:21:63:Infinity":13,"s:64:21:64:Infinity":14,"s:65:21:65:Infinity":15,"s:66:21:66:40":16,"f:72:2:72:12":3,"s:73:4:74:Infinity":17,"f:94:2:94:21":4,"s:103:4:103:Infinity":18,"s:94:21:94:Infinity":19,"s:95:21:95:Infinity":20,"s:96:21:96:Infinity":21,"s:97:21:97:Infinity":22,"s:98:21:98:Infinity":23,"s:99:21:99:Infinity":24,"s:100:21:100:Infinity":25,"s:101:21:101:Infinity":26,"s:102:21:102:44":27,"f:112:2:112:12":5,"s:113:4:115:Infinity":28,"s:125:43:125:Infinity":29,"f:131:2:131:17":6,"s:132:4:132:Infinity":30,"f:139:2:139:17":7,"s:140:4:142:Infinity":31,"f:140:21:140:29":8,"s:141:6:141:Infinity":32,"f:151:2:151:9":9,"s:152:24:152:Infinity":33,"s:153:4:169:Infinity":34,"f:153:31:153:42":10,"b:155:8:156:Infinity:157:8:158:Infinity:159:8:161:Infinity:162:8:163:Infinity:164:8:165:Infinity:166:8:167:Infinity":2,"s:154:6:168:Infinity":35,"s:156:10:156:Infinity":36,"s:158:10:158:Infinity":37,"f:158:38:158:46":11,"s:158:46:158:86":38,"s:160:10:161:Infinity":39,"s:163:10:163:Infinity":40,"s:165:10:165:Infinity":41,"f:165:39:165:46":12,"s:165:46:165:85":42,"s:167:10:167:Infinity":43,"f:177:2:177:15":13,"s:178:4:178:Infinity":44,"f:187:2:187:13":14,"s:188:4:188:Infinity":45,"f:188:40:188:48":15,"s:188:48:188:62":46,"f:194:2:194:10":16,"s:195:4:195:Infinity":47}}}
,"/home/usuario/prct05-objects-classes-interfaces-AdrianHernandez28/src/ejercicio-2.ts": {"path":"/home/usuario/prct05-objects-classes-interfaces-AdrianHernandez28/src/ejercicio-2.ts","statementMap":{"0":{"start":{"line":4,"column":13},"end":{"line":4,"column":null}},"1":{"start":{"line":9,"column":13},"end":{"line":9,"column":null}},"2":{"start":{"line":23,"column":30},"end":{"line":23,"column":null}},"3":{"start":{"line":27,"column":30},"end":{"line":27,"column":null}},"4":{"start":{"line":32,"column":31},"end":{"line":39,"column":null}},"5":{"start":{"line":23,"column":11},"end":{"line":23,"column":30}},"6":{"start":{"line":27,"column":11},"end":{"line":27,"column":30}},"7":{"start":{"line":32,"column":11},"end":{"line":32,"column":31}},"8":{"start":{"line":55,"column":4},"end":{"line":55,"column":null}},"9":{"start":{"line":55,"column":37},"end":{"line":55,"column":null}},"10":{"start":{"line":58,"column":4},"end":{"line":69,"column":null}},"11":{"start":{"line":58,"column":17},"end":{"line":58,"column":27}},"12":{"start":{"line":59,"column":6},"end":{"line":68,"column":null}},"13":{"start":{"line":60,"column":8},"end":{"line":60,"column":null}},"14":{"start":{"line":62,"column":8},"end":{"line":66,"column":null}},"15":{"start":{"line":63,"column":10},"end":{"line":63,"column":null}},"16":{"start":{"line":65,"column":10},"end":{"line":65,"column":null}},"17":{"start":{"line":67,"column":8},"end":{"line":67,"column":null}},"18":{"start":{"line":70,"column":4},"end":{"line":70,"column":null}},"19":{"start":{"line":79,"column":15},"end":{"line":79,"column":null}},"20":{"start":{"line":80,"column":20},"end":{"line":80,"column":null}},"21":{"start":{"line":81,"column":21},"end":{"line":81,"column":null}},"22":{"start":{"line":83,"column":4},"end":{"line":110,"column":null}},"23":{"start":{"line":84,"column":28},"end":{"line":84,"column":null}},"24":{"start":{"line":85,"column":6},"end":{"line":85,"column":null}},"25":{"start":{"line":88,"column":22},"end":{"line":88,"column":null}},"26":{"start":{"line":91,"column":6},"end":{"line":98,"column":null}},"27":{"start":{"line":92,"column":8},"end":{"line":92,"column":null}},"28":{"start":{"line":93,"column":8},"end":{"line":93,"column":null}},"29":{"start":{"line":95,"column":8},"end":{"line":97,"column":null}},"30":{"start":{"line":96,"column":12},"end":{"line":96,"column":null}},"31":{"start":{"line":100,"column":6},"end":{"line":100,"column":null}},"32":{"start":{"line":102,"column":21},"end":{"line":102,"column":null}},"33":{"start":{"line":103,"column":6},"end":{"line":106,"column":null}},"34":{"start":{"line":104,"column":8},"end":{"line":104,"column":null}},"35":{"start":{"line":105,"column":8},"end":{"line":105,"column":null}},"36":{"start":{"line":108,"column":6},"end":{"line":108,"column":null}},"37":{"start":{"line":109,"column":6},"end":{"line":109,"column":null}},"38":{"start":{"line":113,"column":4},"end":{"line":113,"column":null}},"39":{"start":{"line":125,"column":21},"end":{"line":125,"column":null}},"40":{"start":{"line":125,"column":45},"end":{"line":125,"column":62}},"41":{"start":{"line":127,"column":32},"end":{"line":132,"column":null}},"42":{"start":{"line":134,"column":4},"end":{"line":150,"column":null}},"43":{"start":{"line":135,"column":6},"end":{"line":149,"column":null}},"44":{"start":{"line":136,"column":20},"end":{"line":136,"column":null}},"45":{"start":{"line":138,"column":8},"end":{"line":146,"column":null}},"46":{"start":{"line":138,"column":32},"end":{"line":138,"column":35}},"47":{"start":{"line":139,"column":23},"end":{"line":139,"column":null}},"48":{"start":{"line":141,"column":10},"end":{"line":145,"column":null}},"49":{"start":{"line":142,"column":12},"end":{"line":142,"column":null}},"50":{"start":{"line":144,"column":12},"end":{"line":144,"column":null}},"51":{"start":{"line":148,"column":8},"end":{"line":148,"column":null}},"52":{"start":{"line":148,"column":25},"end":{"line":148,"column":null}},"53":{"start":{"line":152,"column":4},"end":{"line":152,"column":null}},"54":{"start":{"line":160,"column":4},"end":{"line":160,"column":null}},"55":{"start":{"line":160,"column":65},"end":{"line":160,"column":null}},"56":{"start":{"line":161,"column":4},"end":{"line":161,"column":null}},"57":{"start":{"line":161,"column":65},"end":{"line":161,"column":null}},"58":{"start":{"line":162,"column":4},"end":{"line":162,"column":null}}},"fnMap":{"0":{"name":"(anonymous_0)","decl":{"start":{"line":23,"column":11},"end":{"line":23,"column":30}},"loc":{"start":{"line":23,"column":11},"end":{"line":23,"column":30}},"line":23},"1":{"name":"(anonymous_1)","decl":{"start":{"line":27,"column":11},"end":{"line":27,"column":30}},"loc":{"start":{"line":27,"column":11},"end":{"line":27,"column":30}},"line":27},"2":{"name":"(anonymous_2)","decl":{"start":{"line":32,"column":11},"end":{"line":32,"column":31}},"loc":{"start":{"line":32,"column":11},"end":{"line":32,"column":31}},"line":32},"3":{"name":"(anonymous_3)","decl":{"start":{"line":44,"column":2},"end":{"line":44,"column":16}},"loc":{"start":{"line":44,"column":16},"end":{"line":44,"column":null}},"line":44},"4":{"name":"(anonymous_4)","decl":{"start":{"line":53,"column":2},"end":{"line":53,"column":12}},"loc":{"start":{"line":53,"column":52},"end":{"line":71,"column":null}},"line":53},"5":{"name":"(anonymous_5)","decl":{"start":{"line":78,"column":2},"end":{"line":78,"column":20}},"loc":{"start":{"line":78,"column":20},"end":{"line":114,"column":null}},"line":78},"6":{"name":"(anonymous_6)","decl":{"start":{"line":123,"column":2},"end":{"line":123,"column":11}},"loc":{"start":{"line":123,"column":37},"end":{"line":153,"column":null}},"line":123},"7":{"name":"(anonymous_7)","decl":{"start":{"line":125,"column":40},"end":{"line":125,"column":45}},"loc":{"start":{"line":125,"column":45},"end":{"line":125,"column":62}},"line":125},"8":{"name":"(anonymous_8)","decl":{"start":{"line":159,"column":2},"end":{"line":159,"column":24}},"loc":{"start":{"line":159,"column":24},"end":{"line":163,"column":null}},"line":159}},"branchMap":{"0":{"loc":{"start":{"line":55,"column":4},"end":{"line":55,"column":null}},"type":"if","locations":[{"start":{"line":55,"column":4},"end":{"line":55,"column":null}},{"start":{},"end":{}}],"line":55},"1":{"loc":{"start":{"line":59,"column":6},"end":{"line":68,"column":null}},"type":"if","locations":[{"start":{"line":59,"column":6},"end":{"line":68,"column":null}},{"start":{},"end":{}}],"line":59},"2":{"loc":{"start":{"line":62,"column":8},"end":{"line":66,"column":null}},"type":"if","locations":[{"start":{"line":62,"column":8},"end":{"line":66,"column":null}},{"start":{"line":64,"column":15},"end":{"line":66,"column":null}}],"line":62},"3":{"loc":{"start":{"line":84,"column":28},"end":{"line":84,"column":null}},"type":"cond-expr","locations":[{"start":{"line":84,"column":45},"end":{"line":84,"column":49}},{"start":{"line":84,"column":49},"end":{"line":84,"column":null}}],"line":84},"4":{"loc":{"start":{"line":95,"column":8},"end":{"line":97,"column":null}},"type":"if","locations":[{"start":{"line":95,"column":8},"end":{"line":97,"column":null}},{"start":{},"end":{}}],"line":95},"5":{"loc":{"start":{"line":103,"column":6},"end":{"line":106,"column":null}},"type":"if","locations":[{"start":{"line":103,"column":6},"end":{"line":106,"column":null}},{"start":{},"end":{}}],"line":103},"6":{"loc":{"start":{"line":141,"column":10},"end":{"line":145,"column":null}},"type":"if","locations":[{"start":{"line":141,"column":10},"end":{"line":145,"column":null}},{"start":{"line":143,"column":17},"end":{"line":145,"column":null}}],"line":141},"7":{"loc":{"start":{"line":148,"column":8},"end":{"line":148,"column":null}},"type":"if","locations":[{"start":{"line":148,"column":8},"end":{"line":148,"column":null}},{"start":{},"end":{}}],"line":148},"8":{"loc":{"start":{"line":160,"column":4},"end":{"line":160,"column":null}},"type":"if","locations":[{"start":{"line":160,"column":4},"end":{"line":160,"column":null}},{"start":{},"end":{}}],"line":160},"9":{"loc":{"start":{"line":160,"column":8},"end":{"line":160,"column":65}},"type":"binary-expr","locations":[{"start":{"line":160,"column":8},"end":{"line":160,"column":36}},{"start":{"line":160,"column":36},"end":{"line":160,"column":65}}],"line":160},"10":{"loc":{"start":{"line":161,"column":4},"end":{"line":161,"column":null}},"type":"if","locations":[{"start":{"line":161,"column":4},"end":{"line":161,"column":null}},{"start":{},"end":{}}],"line":161},"11":{"loc":{"start":{"line":161,"column":8},"end":{"line":161,"column":65}},"type":"binary-expr","locations":[{"start":{"line":161,"column":8},"end":{"line":161,"column":36}},{"start":{"line":161,"column":36},"end":{"line":161,"column":65}}],"line":161}},"s":{"0":1,"1":1,"2":7,"3":7,"4":7,"5":0,"6":0,"7":0,"8":69,"9":2,"10":67,"11":67,"12":202,"13":67,"14":67,"15":39,"16":28,"17":67,"18":0,"19":2,"20":2,"21":2,"22":2,"23":49,"24":49,"25":49,"26":49,"27":50,"28":50,"29":50,"30":1,"31":49,"32":49,"33":49,"34":1,"35":1,"36":48,"37":48,"38":1,"39":3,"40":12,"41":3,"42":3,"43":9,"44":28,"45":28,"46":28,"47":40,"48":40,"49":15,"50":25,"51":28,"52":3,"53":0,"54":10,"55":2,"56":8,"57":1,"58":7},"f":{"0":51,"1":37,"2":388,"3":7,"4":69,"5":2,"6":3,"7":12,"8":10},"b":{"0":[2,67],"1":[67,135],"2":[39,28],"3":[24,25],"4":[1,49],"5":[1,48],"6":[15,25],"7":[3,25],"8":[2,8],"9":[10,2],"10":[1,7],"11":[8,1]},"meta":{"lastBranch":12,"lastFunction":9,"lastStatement":59,"seen":{"s:4:13:4:Infinity":0,"s:9:13:9:Infinity":1,"s:23:30:23:Infinity":2,"s:27:30:27:Infinity":3,"s:32:31:39:Infinity":4,"f:23:11:23:30":0,"s:23:11:23:30":5,"f:27:11:27:30":1,"s:27:11:27:30":6,"f:32:11:32:31":2,"s:32:11:32:31":7,"f:44:2:44:16":3,"f:53:2:53:12":4,"b:55:4:55:Infinity:undefined:undefined:undefined:undefined":0,"s:55:4:55:Infinity":8,"s:55:37:55:Infinity":9,"s:58:4:69:Infinity":10,"s:58:17:58:27":11,"b:59:6:68:Infinity:undefined:undefined:undefined:undefined":1,"s:59:6:68:Infinity":12,"s:60:8:60:Infinity":13,"b:62:8:66:Infinity:64:15:66:Infinity":2,"s:62:8:66:Infinity":14,"s:63:10:63:Infinity":15,"s:65:10:65:Infinity":16,"s:67:8:67:Infinity":17,"s:70:4:70:Infinity":18,"f:78:2:78:20":5,"s:79:15:79:Infinity":19,"s:80:20:80:Infinity":20,"s:81:21:81:Infinity":21,"s:83:4:110:Infinity":22,"s:84:28:84:Infinity":23,"b:84:45:84:49:84:49:84:Infinity":3,"s:85:6:85:Infinity":24,"s:88:22:88:Infinity":25,"s:91:6:98:Infinity":26,"s:92:8:92:Infinity":27,"s:93:8:93:Infinity":28,"b:95:8:97:Infinity:undefined:undefined:undefined:undefined":4,"s:95:8:97:Infinity":29,"s:96:12:96:Infinity":30,"s:100:6:100:Infinity":31,"s:102:21:102:Infinity":32,"b:103:6:106:Infinity:undefined:undefined:undefined:undefined":5,"s:103:6:106:Infinity":33,"s:104:8:104:Infinity":34,"s:105:8:105:Infinity":35,"s:108:6:108:Infinity":36,"s:109:6:109:Infinity":37,"s:113:4:113:Infinity":38,"f:123:2:123:11":6,"s:125:21:125:Infinity":39,"f:125:40:125:45":7,"s:125:45:125:62":40,"s:127:32:132:Infinity":41,"s:134:4:150:Infinity":42,"s:135:6:149:Infinity":43,"s:136:20:136:Infinity":44,"s:138:8:146:Infinity":45,"s:138:32:138:35":46,"s:139:23:139:Infinity":47,"b:141:10:145:Infinity:143:17:145:Infinity":6,"s:141:10:145:Infinity":48,"s:142:12:142:Infinity":49,"s:144:12:144:Infinity":50,"b:148:8:148:Infinity:undefined:undefined:undefined:undefined":7,"s:148:8:148:Infinity":51,"s:148:25:148:Infinity":52,"s:152:4:152:Infinity":53,"f:159:2:159:24":8,"b:160:4:160:Infinity:undefined:undefined:undefined:undefined":8,"s:160:4:160:Infinity":54,"b:160:8:160:36:160:36:160:65":9,"s:160:65:160:Infinity":55,"b:161:4:161:Infinity:undefined:undefined:undefined:undefined":10,"s:161:4:161:Infinity":56,"b:161:8:161:36:161:36:161:65":11,"s:161:65:161:Infinity":57,"s:162:4:162:Infinity":58}}}
,"/home/usuario/prct05-objects-classes-interfaces-AdrianHernandez28/src/ejercicio-3.ts": {"path":"/home/usuario/prct05-objects-classes-interfaces-AdrianHernandez28/src/ejercicio-3.ts","statementMap":{"0":{"start":{"line":1,"column":7},"end":{"line":1,"column":null}},"1":{"start":{"line":2,"column":2},"end":{"line":2,"column":null}},"2":{"start":{"line":3,"column":2},"end":{"line":3,"column":null}},"3":{"start":{"line":4,"column":2},"end":{"line":4,"column":null}},"4":{"start":{"line":1,"column":12},"end":{"line":1,"column":null}},"5":{"start":{"line":22,"column":21},"end":{"line":22,"column":39}},"6":{"start":{"line":25,"column":4},"end":{"line":25,"column":null}},"7":{"start":{"line":29,"column":24},"end":{"line":29,"column":null}},"8":{"start":{"line":30,"column":4},"end":{"line":45,"column":null}},"9":{"start":{"line":31,"column":6},"end":{"line":44,"column":null}},"10":{"start":{"line":33,"column":10},"end":{"line":33,"column":null}},"11":{"start":{"line":35,"column":10},"end":{"line":37,"column":null}},"12":{"start":{"line":36,"column":12},"end":{"line":36,"column":null}},"13":{"start":{"line":39,"column":10},"end":{"line":43,"column":null}},"14":{"start":{"line":40,"column":12},"end":{"line":42,"column":null}},"15":{"start":{"line":41,"column":14},"end":{"line":41,"column":null}},"16":{"start":{"line":49,"column":20},"end":{"line":49,"column":null}},"17":{"start":{"line":50,"column":4},"end":{"line":54,"column":null}},"18":{"start":{"line":51,"column":6},"end":{"line":51,"column":null}},"19":{"start":{"line":53,"column":6},"end":{"line":53,"column":null}},"20":{"start":{"line":53,"column":40},"end":{"line":53,"column":49}},"21":{"start":{"line":60,"column":21},"end":{"line":60,"column":42}},"22":{"start":{"line":60,"column":42},"end":{"line":60,"column":null}},"23":{"start":{"line":61,"column":21},"end":{"line":61,"column":42}},"24":{"start":{"line":64,"column":4},"end":{"line":64,"column":null}},"25":{"start":{"line":65,"column":4},"end":{"line":65,"column":null}},"26":{"start":{"line":66,"column":4},"end":{"line":66,"column":null}},"27":{"start":{"line":72,"column":21},"end":{"line":72,"column":41}},"28":{"start":{"line":75,"column":4},"end":{"line":75,"column":null}},"29":{"start":{"line":79,"column":4},"end":{"line":81,"column":null}},"30":{"start":{"line":80,"column":6},"end":{"line":80,"column":null}},"31":{"start":{"line":87,"column":21},"end":{"line":87,"column":null}},"32":{"start":{"line":88,"column":21},"end":{"line":88,"column":null}},"33":{"start":{"line":89,"column":21},"end":{"line":89,"column":37}},"34":{"start":{"line":94,"column":24},"end":{"line":100,"column":null}},"35":{"start":{"line":102,"column":4},"end":{"line":102,"column":null}},"36":{"start":{"line":106,"column":4},"end":{"line":106,"column":null}},"37":{"start":{"line":107,"column":4},"end":{"line":107,"column":null}},"38":{"start":{"line":108,"column":4},"end":{"line":108,"column":null}},"39":{"start":{"line":109,"column":22},"end":{"line":109,"column":null}},"40":{"start":{"line":110,"column":4},"end":{"line":110,"column":null}},"41":{"start":{"line":111,"column":4},"end":{"line":111,"column":null}},"42":{"start":{"line":115,"column":4},"end":{"line":115,"column":null}},"43":{"start":{"line":119,"column":18},"end":{"line":119,"column":null}},"44":{"start":{"line":120,"column":18},"end":{"line":120,"column":null}},"45":{"start":{"line":122,"column":4},"end":{"line":128,"column":null}},"46":{"start":{"line":123,"column":6},"end":{"line":123,"column":null}},"47":{"start":{"line":125,"column":6},"end":{"line":127,"column":null}},"48":{"start":{"line":126,"column":8},"end":{"line":126,"column":null}},"49":{"start":{"line":130,"column":4},"end":{"line":130,"column":null}}},"fnMap":{"0":{"name":"(anonymous_0)","decl":{"start":{"line":1,"column":7},"end":{"line":1,"column":12}},"loc":{"start":{"line":1,"column":7},"end":{"line":1,"column":null}},"line":1},"1":{"name":"(anonymous_1)","decl":{"start":{"line":22,"column":2},"end":{"line":22,"column":21}},"loc":{"start":{"line":22,"column":43},"end":{"line":22,"column":null}},"line":22},"2":{"name":"(anonymous_2)","decl":{"start":{"line":24,"column":2},"end":{"line":24,"column":10}},"loc":{"start":{"line":24,"column":28},"end":{"line":26,"column":null}},"line":24},"3":{"name":"(anonymous_3)","decl":{"start":{"line":28,"column":2},"end":{"line":28,"column":9}},"loc":{"start":{"line":28,"column":40},"end":{"line":46,"column":null}},"line":28},"4":{"name":"(anonymous_4)","decl":{"start":{"line":30,"column":31},"end":{"line":30,"column":39}},"loc":{"start":{"line":30,"column":39},"end":{"line":45,"column":5}},"line":30},"5":{"name":"(anonymous_5)","decl":{"start":{"line":35,"column":43},"end":{"line":35,"column":null}},"loc":{"start":{"line":36,"column":12},"end":{"line":36,"column":null}},"line":36},"6":{"name":"(anonymous_6)","decl":{"start":{"line":39,"column":43},"end":{"line":39,"column":null}},"loc":{"start":{"line":40,"column":12},"end":{"line":42,"column":null}},"line":40},"7":{"name":"(anonymous_7)","decl":{"start":{"line":40,"column":30},"end":{"line":40,"column":null}},"loc":{"start":{"line":41,"column":14},"end":{"line":41,"column":null}},"line":41},"8":{"name":"(anonymous_8)","decl":{"start":{"line":48,"column":2},"end":{"line":48,"column":14}},"loc":{"start":{"line":48,"column":45},"end":{"line":55,"column":null}},"line":48},"9":{"name":"(anonymous_9)","decl":{"start":{"line":53,"column":32},"end":{"line":53,"column":40}},"loc":{"start":{"line":53,"column":40},"end":{"line":53,"column":49}},"line":53},"10":{"name":"(anonymous_10)","decl":{"start":{"line":60,"column":2},"end":{"line":60,"column":21}},"loc":{"start":{"line":61,"column":42},"end":{"line":61,"column":null}},"line":61},"11":{"name":"(anonymous_11)","decl":{"start":{"line":63,"column":2},"end":{"line":63,"column":20}},"loc":{"start":{"line":63,"column":20},"end":{"line":67,"column":null}},"line":63},"12":{"name":"(anonymous_12)","decl":{"start":{"line":72,"column":2},"end":{"line":72,"column":21}},"loc":{"start":{"line":72,"column":45},"end":{"line":72,"column":null}},"line":72},"13":{"name":"(anonymous_13)","decl":{"start":{"line":74,"column":2},"end":{"line":74,"column":12}},"loc":{"start":{"line":74,"column":34},"end":{"line":76,"column":null}},"line":74},"14":{"name":"(anonymous_14)","decl":{"start":{"line":78,"column":2},"end":{"line":78,"column":20}},"loc":{"start":{"line":78,"column":20},"end":{"line":82,"column":null}},"line":78},"15":{"name":"(anonymous_15)","decl":{"start":{"line":79,"column":25},"end":{"line":79,"column":33}},"loc":{"start":{"line":79,"column":33},"end":{"line":81,"column":5}},"line":79},"16":{"name":"(anonymous_16)","decl":{"start":{"line":87,"column":2},"end":{"line":87,"column":21}},"loc":{"start":{"line":89,"column":41},"end":{"line":89,"column":null}},"line":89},"17":{"name":"(anonymous_17)","decl":{"start":{"line":91,"column":2},"end":{"line":91,"column":10}},"loc":{"start":{"line":92,"column":50},"end":{"line":103,"column":null}},"line":92},"18":{"name":"(anonymous_18)","decl":{"start":{"line":105,"column":2},"end":{"line":105,"column":20}},"loc":{"start":{"line":105,"column":20},"end":{"line":112,"column":null}},"line":105},"19":{"name":"(anonymous_19)","decl":{"start":{"line":114,"column":2},"end":{"line":114,"column":24}},"loc":{"start":{"line":114,"column":24},"end":{"line":116,"column":null}},"line":114},"20":{"name":"(anonymous_20)","decl":{"start":{"line":118,"column":2},"end":{"line":118,"column":20}},"loc":{"start":{"line":118,"column":20},"end":{"line":131,"column":null}},"line":118},"21":{"name":"(anonymous_21)","decl":{"start":{"line":122,"column":23},"end":{"line":122,"column":31}},"loc":{"start":{"line":122,"column":31},"end":{"line":128,"column":5}},"line":122}},"branchMap":{"0":{"loc":{"start":{"line":1,"column":12},"end":{"line":1,"column":null}},"type":"binary-expr","locations":[{"start":{"line":1,"column":12},"end":{"line":1,"column":null}},{"start":{"line":1,"column":12},"end":{"line":1,"column":null}}],"line":1},"1":{"loc":{"start":{"line":22,"column":21},"end":{"line":22,"column":43}},"type":"default-arg","locations":[{"start":{"line":22,"column":39},"end":{"line":22,"column":43}}],"line":22},"2":{"loc":{"start":{"line":31,"column":6},"end":{"line":44,"column":null}},"type":"switch","locations":[{"start":{"line":32,"column":8},"end":{"line":33,"column":null}},{"start":{"line":34,"column":8},"end":{"line":37,"column":null}},{"start":{"line":38,"column":8},"end":{"line":43,"column":null}}],"line":31},"3":{"loc":{"start":{"line":50,"column":4},"end":{"line":54,"column":null}},"type":"if","locations":[{"start":{"line":50,"column":4},"end":{"line":54,"column":null}},{"start":{"line":52,"column":11},"end":{"line":54,"column":null}}],"line":50},"4":{"loc":{"start":{"line":72,"column":21},"end":{"line":72,"column":45}},"type":"default-arg","locations":[{"start":{"line":72,"column":41},"end":{"line":72,"column":45}}],"line":72},"5":{"loc":{"start":{"line":89,"column":21},"end":{"line":89,"column":41}},"type":"default-arg","locations":[{"start":{"line":89,"column":37},"end":{"line":89,"column":41}}],"line":89},"6":{"loc":{"start":{"line":125,"column":6},"end":{"line":127,"column":null}},"type":"if","locations":[{"start":{"line":125,"column":6},"end":{"line":127,"column":null}},{"start":{},"end":{}}],"line":125}},"s":{"0":1,"1":1,"2":1,"3":1,"4":1,"5":16,"6":16,"7":6,"8":6,"9":6,"10":4,"11":1,"12":1,"13":1,"14":1,"15":2,"16":2,"17":2,"18":1,"19":1,"20":1,"21":16,"22":16,"23":16,"24":1,"25":1,"26":1,"27":16,"28":16,"29":2,"30":2,"31":16,"32":16,"33":16,"34":48,"35":48,"36":2,"37":2,"38":2,"39":2,"40":2,"41":2,"42":3,"43":3,"44":3,"45":3,"46":9,"47":9,"48":6,"49":3},"f":{"0":1,"1":16,"2":16,"3":6,"4":6,"5":1,"6":1,"7":2,"8":2,"9":1,"10":16,"11":1,"12":16,"13":16,"14":2,"15":2,"16":16,"17":48,"18":2,"19":3,"20":3,"21":9},"b":{"0":[1,1],"1":[16],"2":[4,1,1],"3":[1,1],"4":[16],"5":[16],"6":[6,3]},"meta":{"lastBranch":7,"lastFunction":22,"lastStatement":50,"seen":{"s:1:7:1:Infinity":0,"f:1:7:1:12":0,"s:2:2:2:Infinity":1,"s:3:2:3:Infinity":2,"s:4:2:4:Infinity":3,"s:1:12:1:Infinity":4,"b:1:12:1:Infinity:1:12:1:Infinity":0,"f:22:2:22:21":1,"b:22:39:22:43":1,"s:22:21:22:39":5,"f:24:2:24:10":2,"s:25:4:25:Infinity":6,"f:28:2:28:9":3,"s:29:24:29:Infinity":7,"s:30:4:45:Infinity":8,"f:30:31:30:39":4,"b:32:8:33:Infinity:34:8:37:Infinity:38:8:43:Infinity":2,"s:31:6:44:Infinity":9,"s:33:10:33:Infinity":10,"s:35:10:37:Infinity":11,"f:35:43:35:Infinity":5,"s:36:12:36:Infinity":12,"s:39:10:43:Infinity":13,"f:39:43:39:Infinity":6,"s:40:12:42:Infinity":14,"f:40:30:40:Infinity":7,"s:41:14:41:Infinity":15,"f:48:2:48:14":8,"s:49:20:49:Infinity":16,"b:50:4:54:Infinity:52:11:54:Infinity":3,"s:50:4:54:Infinity":17,"s:51:6:51:Infinity":18,"s:53:6:53:Infinity":19,"f:53:32:53:40":9,"s:53:40:53:49":20,"f:60:2:60:21":10,"s:60:21:60:42":21,"s:60:42:60:Infinity":22,"s:61:21:61:42":23,"f:63:2:63:20":11,"s:64:4:64:Infinity":24,"s:65:4:65:Infinity":25,"s:66:4:66:Infinity":26,"f:72:2:72:21":12,"b:72:41:72:45":4,"s:72:21:72:41":27,"f:74:2:74:12":13,"s:75:4:75:Infinity":28,"f:78:2:78:20":14,"s:79:4:81:Infinity":29,"f:79:25:79:33":15,"s:80:6:80:Infinity":30,"f:87:2:87:21":16,"b:89:37:89:41":5,"s:87:21:87:Infinity":31,"s:88:21:88:Infinity":32,"s:89:21:89:37":33,"f:91:2:91:10":17,"s:94:24:100:Infinity":34,"s:102:4:102:Infinity":35,"f:105:2:105:20":18,"s:106:4:106:Infinity":36,"s:107:4:107:Infinity":37,"s:108:4:108:Infinity":38,"s:109:22:109:Infinity":39,"s:110:4:110:Infinity":40,"s:111:4:111:Infinity":41,"f:114:2:114:24":19,"s:115:4:115:Infinity":42,"f:118:2:118:20":20,"s:119:18:119:Infinity":43,"s:120:18:120:Infinity":44,"s:122:4:128:Infinity":45,"f:122:23:122:31":21,"s:123:6:123:Infinity":46,"b:125:6:127:Infinity:undefined:undefined:undefined:undefined":6,"s:125:6:127:Infinity":47,"s:126:8:126:Infinity":48,"s:130:4:130:Infinity":49}}}
}
